<?xml version="1.0" encoding="UTF-8"?>
<!-- Generated by org.testng.reporters.JUnitReportReporter -->
<testsuite hostname="DESKTOP-N3I3DHS" failures="0" tests="1" name="testcase.NewTest" time="0.577" errors="0" timestamp="2024-07-19T07:32:42 NPT" skipped="0">
  <testcase classname="testcase.NewTest" name="f" time="0.577"/>
  <system-out/>
</testsuite> <!-- testcase.NewTest -->
