<?xml version="1.0" encoding="UTF-8"?>
<!-- Generated by org.testng.reporters.JUnitReportReporter -->
<testsuite hostname="DESKTOP-N3I3DHS" failures="0" tests="1" name="maincode.NewTest" time="0.022" errors="0" timestamp="2024-07-18T09:45:15 NPT" skipped="0">
  <testcase classname="maincode.NewTest" name="f" time="0.022"/>
  <system-out/>
</testsuite> <!-- maincode.NewTest -->
